<?xml version="1.0" encoding="UTF-8"?>
<testng-results ignored="0" total="1" passed="1" failed="0" skipped="0">
  <reporter-output>
  </reporter-output>
  <suite started-at="2024-10-21T20:19:50 CST" name="Default suite" finished-at="2024-10-21T20:19:59 CST" duration-ms="9241">
    <groups>
    </groups>
    <test started-at="2024-10-21T20:19:50 CST" name="Default test" finished-at="2024-10-21T20:19:59 CST" duration-ms="9241">
      <class name="com.java.project.test.LoginTest">
        <test-method is-config="true" signature="OpenTheBrowser()[pri:0, instance:com.java.project.test.LoginTest@27406a17]" started-at="2024-10-21T20:19:50 CST" name="OpenTheBrowser" finished-at="2024-10-21T20:19:54 CST" duration-ms="4175" status="PASS">
          <reporter-output>
          </reporter-output>
        </test-method> <!-- OpenTheBrowser -->
        <test-method signature="TestRun()[pri:0, instance:com.java.project.test.LoginTest@27406a17]" started-at="2024-10-21T20:19:54 CST" name="TestRun" finished-at="2024-10-21T20:19:59 CST" duration-ms="5033" status="PASS">
          <reporter-output>
          </reporter-output>
        </test-method> <!-- TestRun -->
      </class> <!-- com.java.project.test.LoginTest -->
    </test> <!-- Default test -->
  </suite> <!-- Default suite -->
</testng-results>
